C:\USERS\DAV\DOCUMENTS\VISUAL STUDIO 2012\PROJECTS\BLACKJACKSERVER\BLACKJACKSERVER\DEBUG\BLACKJACKSERVER.OBJ
C:\USERS\DAV\DOCUMENTS\VISUAL STUDIO 2012\PROJECTS\BLACKJACKSERVER\BLACKJACKSERVER\DEBUG\MAIN.OBJ
C:\USERS\DAV\DOCUMENTS\VISUAL STUDIO 2012\PROJECTS\BLACKJACKSERVER\BLACKJACKSERVER\DEBUG\MOC_BLACKJACKSERVERWIDGET.OBJ
C:\USERS\DAV\DOCUMENTS\VISUAL STUDIO 2012\PROJECTS\BLACKJACKSERVER\BLACKJACKSERVER\DEBUG\MOC_BLACKJACKSERVER.OBJ
C:\USERS\DAV\DOCUMENTS\VISUAL STUDIO 2012\PROJECTS\BLACKJACKSERVER\BLACKJACKSERVER\DEBUG\BLACKJACKSERVERWIDGET.OBJ
C:\USERS\DAV\DOCUMENTS\VISUAL STUDIO 2012\PROJECTS\BLACKJACKSERVER\BLACKJACKSERVER\DEBUG\VC110.PDB
C:\USERS\DAV\DOCUMENTS\VISUAL STUDIO 2012\PROJECTS\BLACKJACKSERVER\BLACKJACKSERVER\DEBUG\QRC_BLACKJACKSERVER.OBJ
C:\USERS\DAV\DOCUMENTS\VISUAL STUDIO 2012\PROJECTS\BLACKJACKSERVER\BLACKJACKSERVER\GENERATEDFILES\QRC_BLACKJACKSERVER.CPP
C:\USERS\DAV\DOCUMENTS\VISUAL STUDIO 2012\PROJECTS\BLACKJACKSERVER\BLACKJACKSERVER\GENERATEDFILES\DEBUG\MOC_BLACKJACKSERVERWIDGET.CPP
C:\USERS\DAV\DOCUMENTS\VISUAL STUDIO 2012\PROJECTS\BLACKJACKSERVER\BLACKJACKSERVER\GENERATEDFILES\DEBUG\MOC_BLACKJACKSERVER.CPP
c:\Users\Dav\documents\visual studio 2012\Projects\BlackjackServer\BlackjackServer\Debug\BlackjackServer.obj
c:\Users\Dav\documents\visual studio 2012\Projects\BlackjackServer\BlackjackServer\Debug\BlackjackServerWidget.obj
c:\Users\Dav\documents\visual studio 2012\Projects\BlackjackServer\BlackjackServer\Debug\main.obj
c:\Users\Dav\documents\visual studio 2012\Projects\BlackjackServer\BlackjackServer\Debug\moc_BlackjackServer.obj
c:\Users\Dav\documents\visual studio 2012\Projects\BlackjackServer\BlackjackServer\Debug\moc_BlackjackServerWidget.obj
c:\Users\Dav\documents\visual studio 2012\Projects\BlackjackServer\BlackjackServer\Debug\qrc_blackjackserver.obj
c:\Users\Dav\documents\visual studio 2012\Projects\BlackjackServer\BlackjackServer\Debug\cl.command.1.tlog
c:\Users\Dav\documents\visual studio 2012\Projects\BlackjackServer\BlackjackServer\Debug\CL.read.1.tlog
c:\Users\Dav\documents\visual studio 2012\Projects\BlackjackServer\BlackjackServer\Debug\CL.write.1.tlog
c:\Users\Dav\documents\visual studio 2012\Projects\BlackjackServer\BlackjackServer\Debug\custombuild.command.1.tlog
c:\Users\Dav\documents\visual studio 2012\Projects\BlackjackServer\BlackjackServer\Debug\custombuild.read.1.tlog
c:\Users\Dav\documents\visual studio 2012\Projects\BlackjackServer\BlackjackServer\Debug\custombuild.write.1.tlog
c:\Users\Dav\documents\visual studio 2012\Projects\BlackjackServer\BlackjackServer\Debug\link.command.1.tlog
c:\Users\Dav\documents\visual studio 2012\Projects\BlackjackServer\BlackjackServer\Debug\link.read.1.tlog
c:\Users\Dav\documents\visual studio 2012\Projects\BlackjackServer\BlackjackServer\Debug\link.write.1.tlog
c:\Users\Dav\documents\visual studio 2012\Projects\BlackjackServer\BlackjackServer\Debug\vc110.pdb
c:\users\dav\documents\visual studio 2012\Projects\BlackjackServer\Win32\Debug\BlackjackServer.exe
