C:\USERS\DAV\DOCUMENTS\VISUAL STUDIO 2012\PROJECTS\BLACKJACK\BLACKJACK\DEBUG\MAIN.OBJ
C:\USERS\DAV\DOCUMENTS\VISUAL STUDIO 2012\PROJECTS\BLACKJACK\BLACKJACK\DEBUG\MOC_CLIENT.OBJ
C:\USERS\DAV\DOCUMENTS\VISUAL STUDIO 2012\PROJECTS\BLACKJACK\BLACKJACK\DEBUG\MOC_BLACKJACKTABLE.OBJ
C:\USERS\DAV\DOCUMENTS\VISUAL STUDIO 2012\PROJECTS\BLACKJACK\BLACKJACK\DEBUG\MOC_BLACKJACK.OBJ
C:\USERS\DAV\DOCUMENTS\VISUAL STUDIO 2012\PROJECTS\BLACKJACK\BLACKJACK\DEBUG\CLIENT.OBJ
C:\USERS\DAV\DOCUMENTS\VISUAL STUDIO 2012\PROJECTS\BLACKJACK\BLACKJACK\DEBUG\CARDSSET.OBJ
C:\USERS\DAV\DOCUMENTS\VISUAL STUDIO 2012\PROJECTS\BLACKJACK\BLACKJACK\DEBUG\CARD.OBJ
C:\USERS\DAV\DOCUMENTS\VISUAL STUDIO 2012\PROJECTS\BLACKJACK\BLACKJACK\DEBUG\BLACKJACKTABLE.OBJ
C:\USERS\DAV\DOCUMENTS\VISUAL STUDIO 2012\PROJECTS\BLACKJACK\BLACKJACK\DEBUG\BLACKJACK.OBJ
C:\USERS\DAV\DOCUMENTS\VISUAL STUDIO 2012\PROJECTS\BLACKJACK\BLACKJACK\DEBUG\VC110.PDB
C:\USERS\DAV\DOCUMENTS\VISUAL STUDIO 2012\PROJECTS\BLACKJACK\BLACKJACK\DEBUG\QRC_BLACKJACK.OBJ
C:\USERS\DAV\DOCUMENTS\VISUAL STUDIO 2012\PROJECTS\BLACKJACK\BLACKJACK\GENERATEDFILES\DEBUG\MOC_BLACKJACKTABLE.CPP
C:\USERS\DAV\DOCUMENTS\VISUAL STUDIO 2012\PROJECTS\BLACKJACK\BLACKJACK\GENERATEDFILES\DEBUG\MOC_CLIENT.CPP
C:\USERS\DAV\DOCUMENTS\VISUAL STUDIO 2012\PROJECTS\BLACKJACK\BLACKJACK\GENERATEDFILES\QRC_BLACKJACK.CPP
C:\USERS\DAV\DOCUMENTS\VISUAL STUDIO 2012\PROJECTS\BLACKJACK\BLACKJACK\GENERATEDFILES\DEBUG\MOC_BLACKJACK.CPP
C:\USERS\DAV\DOCUMENTS\VISUAL STUDIO 2012\PROJECTS\BLACKJACK\WIN32\DEBUG\BLACKJACK.ILK
C:\USERS\DAV\DOCUMENTS\VISUAL STUDIO 2012\PROJECTS\BLACKJACK\WIN32\DEBUG\BLACKJACK.EXE
C:\USERS\DAV\DOCUMENTS\VISUAL STUDIO 2012\PROJECTS\BLACKJACK\WIN32\DEBUG\BLACKJACK.PDB
C:\Users\Dav\Documents\Visual Studio 2012\Projects\Blackjack\Blackjack\Debug\Blackjack.obj
C:\Users\Dav\Documents\Visual Studio 2012\Projects\Blackjack\Blackjack\Debug\BlackjackTable.obj
C:\Users\Dav\Documents\Visual Studio 2012\Projects\Blackjack\Blackjack\Debug\card.obj
C:\Users\Dav\Documents\Visual Studio 2012\Projects\Blackjack\Blackjack\Debug\CardsSet.obj
C:\Users\Dav\Documents\Visual Studio 2012\Projects\Blackjack\Blackjack\Debug\Client.obj
C:\Users\Dav\Documents\Visual Studio 2012\Projects\Blackjack\Blackjack\Debug\main.obj
C:\Users\Dav\Documents\Visual Studio 2012\Projects\Blackjack\Blackjack\Debug\moc_Blackjack.obj
C:\Users\Dav\Documents\Visual Studio 2012\Projects\Blackjack\Blackjack\Debug\moc_BlackjackTable.obj
C:\Users\Dav\Documents\Visual Studio 2012\Projects\Blackjack\Blackjack\Debug\moc_Client.obj
C:\Users\Dav\Documents\Visual Studio 2012\Projects\Blackjack\Blackjack\Debug\qrc_blackjack.obj
C:\Users\Dav\Documents\Visual Studio 2012\Projects\Blackjack\Blackjack\Debug\cl.command.1.tlog
C:\Users\Dav\Documents\Visual Studio 2012\Projects\Blackjack\Blackjack\Debug\CL.read.1.tlog
C:\Users\Dav\Documents\Visual Studio 2012\Projects\Blackjack\Blackjack\Debug\CL.write.1.tlog
C:\Users\Dav\Documents\Visual Studio 2012\Projects\Blackjack\Blackjack\Debug\custombuild.command.1.tlog
C:\Users\Dav\Documents\Visual Studio 2012\Projects\Blackjack\Blackjack\Debug\custombuild.read.1.tlog
C:\Users\Dav\Documents\Visual Studio 2012\Projects\Blackjack\Blackjack\Debug\custombuild.write.1.tlog
C:\Users\Dav\Documents\Visual Studio 2012\Projects\Blackjack\Blackjack\Debug\link-cvtres.read.1.tlog
C:\Users\Dav\Documents\Visual Studio 2012\Projects\Blackjack\Blackjack\Debug\link-cvtres.write.1.tlog
C:\Users\Dav\Documents\Visual Studio 2012\Projects\Blackjack\Blackjack\Debug\link-rc.read.1.tlog
C:\Users\Dav\Documents\Visual Studio 2012\Projects\Blackjack\Blackjack\Debug\link-rc.write.1.tlog
C:\Users\Dav\Documents\Visual Studio 2012\Projects\Blackjack\Blackjack\Debug\link.2108-cvtres.read.1.tlog
C:\Users\Dav\Documents\Visual Studio 2012\Projects\Blackjack\Blackjack\Debug\link.2108-cvtres.write.1.tlog
C:\Users\Dav\Documents\Visual Studio 2012\Projects\Blackjack\Blackjack\Debug\link.2108-rc.read.1.tlog
C:\Users\Dav\Documents\Visual Studio 2012\Projects\Blackjack\Blackjack\Debug\link.2108-rc.write.1.tlog
C:\Users\Dav\Documents\Visual Studio 2012\Projects\Blackjack\Blackjack\Debug\link.2108.read.1.tlog
C:\Users\Dav\Documents\Visual Studio 2012\Projects\Blackjack\Blackjack\Debug\link.2108.write.1.tlog
C:\Users\Dav\Documents\Visual Studio 2012\Projects\Blackjack\Blackjack\Debug\link.2248-cvtres.read.1.tlog
C:\Users\Dav\Documents\Visual Studio 2012\Projects\Blackjack\Blackjack\Debug\link.2248-cvtres.write.1.tlog
C:\Users\Dav\Documents\Visual Studio 2012\Projects\Blackjack\Blackjack\Debug\link.2248-rc.read.1.tlog
C:\Users\Dav\Documents\Visual Studio 2012\Projects\Blackjack\Blackjack\Debug\link.2248-rc.write.1.tlog
C:\Users\Dav\Documents\Visual Studio 2012\Projects\Blackjack\Blackjack\Debug\link.2248.read.1.tlog
C:\Users\Dav\Documents\Visual Studio 2012\Projects\Blackjack\Blackjack\Debug\link.2248.write.1.tlog
C:\Users\Dav\Documents\Visual Studio 2012\Projects\Blackjack\Blackjack\Debug\link.2800-cvtres.read.1.tlog
C:\Users\Dav\Documents\Visual Studio 2012\Projects\Blackjack\Blackjack\Debug\link.2800-cvtres.write.1.tlog
C:\Users\Dav\Documents\Visual Studio 2012\Projects\Blackjack\Blackjack\Debug\link.2800-rc.read.1.tlog
C:\Users\Dav\Documents\Visual Studio 2012\Projects\Blackjack\Blackjack\Debug\link.2800-rc.write.1.tlog
C:\Users\Dav\Documents\Visual Studio 2012\Projects\Blackjack\Blackjack\Debug\link.2800.read.1.tlog
C:\Users\Dav\Documents\Visual Studio 2012\Projects\Blackjack\Blackjack\Debug\link.2800.write.1.tlog
C:\Users\Dav\Documents\Visual Studio 2012\Projects\Blackjack\Blackjack\Debug\link.4536-cvtres.read.1.tlog
C:\Users\Dav\Documents\Visual Studio 2012\Projects\Blackjack\Blackjack\Debug\link.4536-cvtres.write.1.tlog
C:\Users\Dav\Documents\Visual Studio 2012\Projects\Blackjack\Blackjack\Debug\link.4536-rc.read.1.tlog
C:\Users\Dav\Documents\Visual Studio 2012\Projects\Blackjack\Blackjack\Debug\link.4536-rc.write.1.tlog
C:\Users\Dav\Documents\Visual Studio 2012\Projects\Blackjack\Blackjack\Debug\link.4536.read.1.tlog
C:\Users\Dav\Documents\Visual Studio 2012\Projects\Blackjack\Blackjack\Debug\link.4536.write.1.tlog
C:\Users\Dav\Documents\Visual Studio 2012\Projects\Blackjack\Blackjack\Debug\link.4964-cvtres.read.1.tlog
C:\Users\Dav\Documents\Visual Studio 2012\Projects\Blackjack\Blackjack\Debug\link.4964-cvtres.write.1.tlog
C:\Users\Dav\Documents\Visual Studio 2012\Projects\Blackjack\Blackjack\Debug\link.4964-rc.read.1.tlog
C:\Users\Dav\Documents\Visual Studio 2012\Projects\Blackjack\Blackjack\Debug\link.4964-rc.write.1.tlog
C:\Users\Dav\Documents\Visual Studio 2012\Projects\Blackjack\Blackjack\Debug\link.4964.read.1.tlog
C:\Users\Dav\Documents\Visual Studio 2012\Projects\Blackjack\Blackjack\Debug\link.4964.write.1.tlog
C:\Users\Dav\Documents\Visual Studio 2012\Projects\Blackjack\Blackjack\Debug\link.5652-cvtres.read.1.tlog
C:\Users\Dav\Documents\Visual Studio 2012\Projects\Blackjack\Blackjack\Debug\link.5652-cvtres.write.1.tlog
C:\Users\Dav\Documents\Visual Studio 2012\Projects\Blackjack\Blackjack\Debug\link.5652-rc.read.1.tlog
C:\Users\Dav\Documents\Visual Studio 2012\Projects\Blackjack\Blackjack\Debug\link.5652-rc.write.1.tlog
C:\Users\Dav\Documents\Visual Studio 2012\Projects\Blackjack\Blackjack\Debug\link.5652.read.1.tlog
C:\Users\Dav\Documents\Visual Studio 2012\Projects\Blackjack\Blackjack\Debug\link.5652.write.1.tlog
C:\Users\Dav\Documents\Visual Studio 2012\Projects\Blackjack\Blackjack\Debug\link.6780-cvtres.read.1.tlog
C:\Users\Dav\Documents\Visual Studio 2012\Projects\Blackjack\Blackjack\Debug\link.6780-cvtres.write.1.tlog
C:\Users\Dav\Documents\Visual Studio 2012\Projects\Blackjack\Blackjack\Debug\link.6780-rc.read.1.tlog
C:\Users\Dav\Documents\Visual Studio 2012\Projects\Blackjack\Blackjack\Debug\link.6780-rc.write.1.tlog
C:\Users\Dav\Documents\Visual Studio 2012\Projects\Blackjack\Blackjack\Debug\link.6780.read.1.tlog
C:\Users\Dav\Documents\Visual Studio 2012\Projects\Blackjack\Blackjack\Debug\link.6780.write.1.tlog
C:\Users\Dav\Documents\Visual Studio 2012\Projects\Blackjack\Blackjack\Debug\link.7520-cvtres.read.1.tlog
C:\Users\Dav\Documents\Visual Studio 2012\Projects\Blackjack\Blackjack\Debug\link.7520-cvtres.write.1.tlog
C:\Users\Dav\Documents\Visual Studio 2012\Projects\Blackjack\Blackjack\Debug\link.7520-rc.read.1.tlog
C:\Users\Dav\Documents\Visual Studio 2012\Projects\Blackjack\Blackjack\Debug\link.7520-rc.write.1.tlog
C:\Users\Dav\Documents\Visual Studio 2012\Projects\Blackjack\Blackjack\Debug\link.7520.read.1.tlog
C:\Users\Dav\Documents\Visual Studio 2012\Projects\Blackjack\Blackjack\Debug\link.7520.write.1.tlog
C:\Users\Dav\Documents\Visual Studio 2012\Projects\Blackjack\Blackjack\Debug\link.7576-cvtres.read.1.tlog
C:\Users\Dav\Documents\Visual Studio 2012\Projects\Blackjack\Blackjack\Debug\link.7576-cvtres.write.1.tlog
C:\Users\Dav\Documents\Visual Studio 2012\Projects\Blackjack\Blackjack\Debug\link.7576-rc.read.1.tlog
C:\Users\Dav\Documents\Visual Studio 2012\Projects\Blackjack\Blackjack\Debug\link.7576-rc.write.1.tlog
C:\Users\Dav\Documents\Visual Studio 2012\Projects\Blackjack\Blackjack\Debug\link.7576.read.1.tlog
C:\Users\Dav\Documents\Visual Studio 2012\Projects\Blackjack\Blackjack\Debug\link.7576.write.1.tlog
C:\Users\Dav\Documents\Visual Studio 2012\Projects\Blackjack\Blackjack\Debug\link.command.1.tlog
C:\Users\Dav\Documents\Visual Studio 2012\Projects\Blackjack\Blackjack\Debug\link.read.1.tlog
C:\Users\Dav\Documents\Visual Studio 2012\Projects\Blackjack\Blackjack\Debug\link.write.1.tlog
C:\Users\Dav\Documents\Visual Studio 2012\Projects\Blackjack\Blackjack\Debug\vc110.pdb
C:\Users\Dav\Documents\Visual Studio 2012\Projects\Blackjack\Win32\Debug\Blackjack.pdb
C:\Users\Dav\Documents\Visual Studio 2012\Projects\Blackjack\Win32\Debug\Blackjack.exe
C:\Users\Dav\Documents\Visual Studio 2012\Projects\Blackjack\Win32\Debug\Blackjack.ilk
