Build started 11/24/2013 9:12:39 AM.
     1>Project "C:\Users\Dav\Documents\Visual Studio 2012\Projects\Blackjack\Blackjack\Blackjack.vcxproj" on node 2 (Build target(s)).
     1>ClCompile:
         C:\Program Files (x86)\Microsoft Visual Studio 11.0\VC\bin\CL.exe /c /I.\GeneratedFiles /I. /IC:\Qt\Qt5.1.1\5.1.1\msvc2012\include /I.\GeneratedFiles\Release /IC:\Qt\Qt5.1.1\5.1.1\msvc2012\include\QtCore /IC:\Qt\Qt5.1.1\5.1.1\msvc2012\include\QtGui /IC:\Qt\Qt5.1.1\5.1.1\msvc2012\include\QtNetwork /IC:\Qt\Qt5.1.1\5.1.1\msvc2012\include\QtWidgets /nologo /W1 /WX- /O2 /Oy- /D UNICODE /D WIN32 /D WIN64 /D QT_DLL /D QT_NO_DEBUG /D NDEBUG /D QT_CORE_LIB /D QT_GUI_LIB /D QT_NETWORK_LIB /D QT_WIDGETS_LIB /Gm- /EHsc /MD /GS /fp:precise /Zc:wchar_t- /Zc:forScope /Fo"Release\\" /Fd"Release\vc110.pdb" /Gd /TP /analyze- /errorReport:prompt Blackjack.cpp
         Blackjack.cpp
       Link:
         C:\Program Files (x86)\Microsoft Visual Studio 11.0\VC\bin\link.exe /ERRORREPORT:PROMPT /OUT:"C:\Users\Dav\Documents\Visual Studio 2012\Projects\Blackjack\Win32\Release\\Blackjack.exe" /NOLOGO /LIBPATH:C:\Qt\Qt5.1.1\5.1.1\msvc2012\lib qtmain.lib Qt5Core.lib Qt5Gui.lib Qt5Network.lib Qt5Widgets.lib kernel32.lib user32.lib gdi32.lib winspool.lib comdlg32.lib advapi32.lib shell32.lib ole32.lib oleaut32.lib uuid.lib odbc32.lib odbccp32.lib /MANIFEST /MANIFESTUAC:"level='asInvoker' uiAccess='false'" /manifest:embed /PDB:"C:\Users\Dav\Documents\Visual Studio 2012\Projects\Blackjack\Win32\Release\Blackjack.pdb" /SUBSYSTEM:WINDOWS /TLBID:1 /DYNAMICBASE /NXCOMPAT /IMPLIB:"C:\Users\Dav\Documents\Visual Studio 2012\Projects\Blackjack\Win32\Release\Blackjack.lib" /MACHINE:X86 /SAFESEH Release\Blackjack.obj
         Release\BlackjackTable.obj
         Release\card.obj
         Release\CardsSet.obj
         Release\Client.obj
         Release\qrc_blackjack.obj
         Release\moc_Blackjack.obj
         Release\moc_BlackjackTable.obj
         Release\moc_Client.obj
         Release\main.obj
         Blackjack.vcxproj -> C:\Users\Dav\Documents\Visual Studio 2012\Projects\Blackjack\Win32\Release\Blackjack.exe
     1>Done Building Project "C:\Users\Dav\Documents\Visual Studio 2012\Projects\Blackjack\Blackjack\Blackjack.vcxproj" (Build target(s)).

Build succeeded.

Time Elapsed 00:00:01.02
